
*** Running vivado
    with args -log alchitry_top.vds -m64 -product Vivado -mode batch -messageDb vivado.pb -notrace -source alchitry_top.tcl


ECHO is off.
ECHO is off.

****** Vivado v2023.2 (64-bit)
  **** SW Build 4029153 on Fri Oct 13 20:14:34 MDT 2023
  **** IP Build 4028589 on Sat Oct 14 00:45:43 MDT 2023
  **** SharedData Build 4025554 on Tue Oct 10 17:18:54 MDT 2023
    ** Copyright 1986-2022 Xilinx, Inc. All Rights Reserved.
    ** Copyright 2022-2023 Advanced Micro Devices, Inc. All Rights Reserved.

source alchitry_top.tcl -notrace
create_project: Time (s): cpu = 00:00:05 ; elapsed = 00:00:05 . Memory (MB): peak = 463.043 ; gain = 183.816
Command: synth_design -top alchitry_top -part xc7a35tftg256-1
Starting synth_design
Attempting to get a license for feature 'Synthesis' and/or device 'xc7a35t'
INFO: [Common 17-349] Got license for feature 'Synthesis' and/or device 'xc7a35t'
INFO: [Device 21-403] Loading part xc7a35tftg256-1
INFO: [Synth 8-7079] Multithreading enabled for synth_design using a maximum of 2 processes.
INFO: [Synth 8-7078] Launching helper process for spawning children vivado processes
INFO: [Synth 8-7075] Helper process launched with PID 25532
---------------------------------------------------------------------------------
Starting RTL Elaboration : Time (s): cpu = 00:00:04 ; elapsed = 00:00:04 . Memory (MB): peak = 1296.184 ; gain = 438.879
---------------------------------------------------------------------------------
INFO: [Synth 8-6157] synthesizing module 'alchitry_top' [D:/_Work/SUTD/CompStruct/alchitry/Lab04/build/vivado/Lab04.srcs/sources_1/imports/source/alchitry_top.sv:7]
INFO: [Synth 8-6157] synthesizing module 'reset_conditioner' [D:/_Work/SUTD/CompStruct/alchitry/Lab04/build/vivado/Lab04.srcs/sources_1/imports/source/reset_conditioner.sv:7]
	Parameter STAGES bound to: 3'b100 
INFO: [Synth 8-6155] done synthesizing module 'reset_conditioner' (0#1) [D:/_Work/SUTD/CompStruct/alchitry/Lab04/build/vivado/Lab04.srcs/sources_1/imports/source/reset_conditioner.sv:7]
INFO: [Synth 8-6157] synthesizing module 'button_conditioner' [D:/_Work/SUTD/CompStruct/alchitry/Lab04/build/vivado/Lab04.srcs/sources_1/imports/source/button_conditioner.sv:7]
	Parameter CLK_FREQ bound to: 27'b101111101011110000100000000 
	Parameter MIN_DELAY bound to: 5'b10100 
	Parameter NUM_SYNC bound to: 2'b10 
INFO: [Synth 8-6157] synthesizing module 'pipeline' [D:/_Work/SUTD/CompStruct/alchitry/Lab04/build/vivado/Lab04.srcs/sources_1/imports/source/pipeline.sv:7]
	Parameter DEPTH bound to: 2'b10 
INFO: [Synth 8-6155] done synthesizing module 'pipeline' (0#1) [D:/_Work/SUTD/CompStruct/alchitry/Lab04/build/vivado/Lab04.srcs/sources_1/imports/source/pipeline.sv:7]
INFO: [Synth 8-6155] done synthesizing module 'button_conditioner' (0#1) [D:/_Work/SUTD/CompStruct/alchitry/Lab04/build/vivado/Lab04.srcs/sources_1/imports/source/button_conditioner.sv:7]
INFO: [Synth 8-6157] synthesizing module 'counter' [D:/_Work/SUTD/CompStruct/alchitry/Lab04/build/vivado/Lab04.srcs/sources_1/imports/source/counter.sv:7]
	Parameter SIZE bound to: 1'b1 
	Parameter DIV bound to: 5'b11010 
	Parameter TOP bound to: 1'b0 
	Parameter UP bound to: 1'b1 
INFO: [Synth 8-6155] done synthesizing module 'counter' (0#1) [D:/_Work/SUTD/CompStruct/alchitry/Lab04/build/vivado/Lab04.srcs/sources_1/imports/source/counter.sv:7]
INFO: [Synth 8-6157] synthesizing module 'rca_tester_datapath' [D:/_Work/SUTD/CompStruct/alchitry/Lab04/build/vivado/Lab04.srcs/sources_1/imports/source/rca_tester_datapath.sv:7]
	Parameter NUM_TESTS bound to: 4'b1000 
	Parameter SIZE bound to: 4'b1000 
INFO: [Synth 8-6157] synthesizing module 'rca_tester_testvalues' [D:/_Work/SUTD/CompStruct/alchitry/Lab04/build/vivado/Lab04.srcs/sources_1/imports/source/rca_tester_testvalues.sv:7]
	Parameter NUM_TESTS bound to: 4'b1000 
	Parameter SIZE bound to: 4'b1000 
INFO: [Synth 8-6155] done synthesizing module 'rca_tester_testvalues' (0#1) [D:/_Work/SUTD/CompStruct/alchitry/Lab04/build/vivado/Lab04.srcs/sources_1/imports/source/rca_tester_testvalues.sv:7]
INFO: [Synth 8-6157] synthesizing module 'rca_tester_comparator' [D:/_Work/SUTD/CompStruct/alchitry/Lab04/build/vivado/Lab04.srcs/sources_1/imports/source/rca_tester_comparator.sv:7]
	Parameter SIZE bound to: 4'b1000 
INFO: [Synth 8-6155] done synthesizing module 'rca_tester_comparator' (0#1) [D:/_Work/SUTD/CompStruct/alchitry/Lab04/build/vivado/Lab04.srcs/sources_1/imports/source/rca_tester_comparator.sv:7]
INFO: [Synth 8-6157] synthesizing module 'registered_rca_en' [D:/_Work/SUTD/CompStruct/alchitry/Lab04/build/vivado/Lab04.srcs/sources_1/imports/source/registered_rca_en.sv:7]
	Parameter SIZE bound to: 4'b1000 
INFO: [Synth 8-6157] synthesizing module 'reg_en' [D:/_Work/SUTD/CompStruct/alchitry/Lab04/build/vivado/Lab04.srcs/sources_1/imports/source/reg_en.sv:7]
	Parameter SIZE bound to: 4'b1000 
	Parameter INIT bound to: 1'b0 
INFO: [Synth 8-6155] done synthesizing module 'reg_en' (0#1) [D:/_Work/SUTD/CompStruct/alchitry/Lab04/build/vivado/Lab04.srcs/sources_1/imports/source/reg_en.sv:7]
INFO: [Synth 8-6157] synthesizing module 'rca' [D:/_Work/SUTD/CompStruct/alchitry/Lab04/build/vivado/Lab04.srcs/sources_1/imports/source/rca.sv:7]
	Parameter SIZE bound to: 4'b1000 
INFO: [Synth 8-6157] synthesizing module 'full_adder' [D:/_Work/SUTD/CompStruct/alchitry/Lab04/build/vivado/Lab04.srcs/sources_1/imports/source/full_adder.sv:7]
INFO: [Synth 8-6155] done synthesizing module 'full_adder' (0#1) [D:/_Work/SUTD/CompStruct/alchitry/Lab04/build/vivado/Lab04.srcs/sources_1/imports/source/full_adder.sv:7]
INFO: [Synth 8-6155] done synthesizing module 'rca' (0#1) [D:/_Work/SUTD/CompStruct/alchitry/Lab04/build/vivado/Lab04.srcs/sources_1/imports/source/rca.sv:7]
INFO: [Synth 8-6155] done synthesizing module 'registered_rca_en' (0#1) [D:/_Work/SUTD/CompStruct/alchitry/Lab04/build/vivado/Lab04.srcs/sources_1/imports/source/registered_rca_en.sv:7]
INFO: [Synth 8-6155] done synthesizing module 'rca_tester_datapath' (0#1) [D:/_Work/SUTD/CompStruct/alchitry/Lab04/build/vivado/Lab04.srcs/sources_1/imports/source/rca_tester_datapath.sv:7]
INFO: [Synth 8-6157] synthesizing module 'rca_tester_controlunit' [D:/_Work/SUTD/CompStruct/alchitry/Lab04/build/vivado/Lab04.srcs/sources_1/imports/source/rca_tester_controlunit.sv:7]
INFO: [Synth 8-6157] synthesizing module 'edge_detector' [D:/_Work/SUTD/CompStruct/alchitry/Lab04/build/vivado/Lab04.srcs/sources_1/imports/source/edge_detector.sv:7]
	Parameter RISE bound to: 1'b1 
	Parameter FALL bound to: 1'b0 
INFO: [Synth 8-6155] done synthesizing module 'edge_detector' (0#1) [D:/_Work/SUTD/CompStruct/alchitry/Lab04/build/vivado/Lab04.srcs/sources_1/imports/source/edge_detector.sv:7]
INFO: [Synth 8-155] case statement is not full and has no default [D:/_Work/SUTD/CompStruct/alchitry/Lab04/build/vivado/Lab04.srcs/sources_1/imports/source/rca_tester_controlunit.sv:69]
INFO: [Synth 8-6155] done synthesizing module 'rca_tester_controlunit' (0#1) [D:/_Work/SUTD/CompStruct/alchitry/Lab04/build/vivado/Lab04.srcs/sources_1/imports/source/rca_tester_controlunit.sv:7]
INFO: [Synth 8-6157] synthesizing module 'seven_segment_encoder' [D:/_Work/SUTD/CompStruct/alchitry/Lab04/build/vivado/Lab04.srcs/sources_1/imports/source/seven_segment_encoder.sv:7]
INFO: [Synth 8-226] default block is never used [D:/_Work/SUTD/CompStruct/alchitry/Lab04/build/vivado/Lab04.srcs/sources_1/imports/source/seven_segment_encoder.sv:13]
INFO: [Synth 8-6155] done synthesizing module 'seven_segment_encoder' (0#1) [D:/_Work/SUTD/CompStruct/alchitry/Lab04/build/vivado/Lab04.srcs/sources_1/imports/source/seven_segment_encoder.sv:7]
INFO: [Synth 8-6155] done synthesizing module 'alchitry_top' (0#1) [D:/_Work/SUTD/CompStruct/alchitry/Lab04/build/vivado/Lab04.srcs/sources_1/imports/source/alchitry_top.sv:7]
WARNING: [Synth 8-3917] design alchitry_top has port led[6] driven by constant 0
WARNING: [Synth 8-3917] design alchitry_top has port led[5] driven by constant 0
WARNING: [Synth 8-3917] design alchitry_top has port led[4] driven by constant 0
WARNING: [Synth 8-3917] design alchitry_top has port led[3] driven by constant 0
WARNING: [Synth 8-3917] design alchitry_top has port io_led[2][7] driven by constant 0
WARNING: [Synth 8-3917] design alchitry_top has port io_led[2][6] driven by constant 0
WARNING: [Synth 8-3917] design alchitry_top has port io_led[2][5] driven by constant 0
WARNING: [Synth 8-3917] design alchitry_top has port io_led[2][4] driven by constant 0
WARNING: [Synth 8-3917] design alchitry_top has port io_select[3] driven by constant 1
WARNING: [Synth 8-3917] design alchitry_top has port io_select[2] driven by constant 1
WARNING: [Synth 8-3917] design alchitry_top has port io_select[1] driven by constant 1
WARNING: [Synth 8-3917] design alchitry_top has port io_select[0] driven by constant 0
WARNING: [Synth 8-7129] Port index[3] in module rca_tester_testvalues is either unconnected or has no load
WARNING: [Synth 8-7129] Port io_button[4] in module alchitry_top is either unconnected or has no load
WARNING: [Synth 8-7129] Port io_button[3] in module alchitry_top is either unconnected or has no load
WARNING: [Synth 8-7129] Port io_button[2] in module alchitry_top is either unconnected or has no load
WARNING: [Synth 8-7129] Port io_button[0] in module alchitry_top is either unconnected or has no load
WARNING: [Synth 8-7129] Port io_dip[2][6] in module alchitry_top is either unconnected or has no load
WARNING: [Synth 8-7129] Port io_dip[2][5] in module alchitry_top is either unconnected or has no load
WARNING: [Synth 8-7129] Port io_dip[2][4] in module alchitry_top is either unconnected or has no load
WARNING: [Synth 8-7129] Port io_dip[2][3] in module alchitry_top is either unconnected or has no load
WARNING: [Synth 8-7129] Port io_dip[2][2] in module alchitry_top is either unconnected or has no load
WARNING: [Synth 8-7129] Port io_dip[2][1] in module alchitry_top is either unconnected or has no load
WARNING: [Synth 8-7129] Port io_dip[2][0] in module alchitry_top is either unconnected or has no load
WARNING: [Synth 8-7129] Port io_dip[1][7] in module alchitry_top is either unconnected or has no load
WARNING: [Synth 8-7129] Port io_dip[1][6] in module alchitry_top is either unconnected or has no load
WARNING: [Synth 8-7129] Port io_dip[1][5] in module alchitry_top is either unconnected or has no load
WARNING: [Synth 8-7129] Port io_dip[1][4] in module alchitry_top is either unconnected or has no load
WARNING: [Synth 8-7129] Port io_dip[1][3] in module alchitry_top is either unconnected or has no load
WARNING: [Synth 8-7129] Port io_dip[1][2] in module alchitry_top is either unconnected or has no load
WARNING: [Synth 8-7129] Port io_dip[1][1] in module alchitry_top is either unconnected or has no load
WARNING: [Synth 8-7129] Port io_dip[1][0] in module alchitry_top is either unconnected or has no load
WARNING: [Synth 8-7129] Port io_dip[0][7] in module alchitry_top is either unconnected or has no load
WARNING: [Synth 8-7129] Port io_dip[0][6] in module alchitry_top is either unconnected or has no load
WARNING: [Synth 8-7129] Port io_dip[0][5] in module alchitry_top is either unconnected or has no load
WARNING: [Synth 8-7129] Port io_dip[0][4] in module alchitry_top is either unconnected or has no load
WARNING: [Synth 8-7129] Port io_dip[0][3] in module alchitry_top is either unconnected or has no load
WARNING: [Synth 8-7129] Port io_dip[0][2] in module alchitry_top is either unconnected or has no load
WARNING: [Synth 8-7129] Port io_dip[0][1] in module alchitry_top is either unconnected or has no load
WARNING: [Synth 8-7129] Port io_dip[0][0] in module alchitry_top is either unconnected or has no load
---------------------------------------------------------------------------------
Finished RTL Elaboration : Time (s): cpu = 00:00:05 ; elapsed = 00:00:05 . Memory (MB): peak = 1403.277 ; gain = 545.973
---------------------------------------------------------------------------------
---------------------------------------------------------------------------------
Start Handling Custom Attributes
---------------------------------------------------------------------------------
---------------------------------------------------------------------------------
Finished Handling Custom Attributes : Time (s): cpu = 00:00:05 ; elapsed = 00:00:05 . Memory (MB): peak = 1403.277 ; gain = 545.973
---------------------------------------------------------------------------------
---------------------------------------------------------------------------------
Finished RTL Optimization Phase 1 : Time (s): cpu = 00:00:05 ; elapsed = 00:00:05 . Memory (MB): peak = 1403.277 ; gain = 545.973
---------------------------------------------------------------------------------
Netlist sorting complete. Time (s): cpu = 00:00:00 ; elapsed = 00:00:00.001 . Memory (MB): peak = 1403.277 ; gain = 0.000
INFO: [Project 1-570] Preparing netlist for logic optimization

Processing XDC Constraints
Initializing timing engine
Parsing XDC File [D:/_Work/SUTD/CompStruct/alchitry/Lab04/build/constraint/alchitry.xdc]
Finished Parsing XDC File [D:/_Work/SUTD/CompStruct/alchitry/Lab04/build/constraint/alchitry.xdc]
INFO: [Project 1-236] Implementation specific constraints were found while reading constraint file [D:/_Work/SUTD/CompStruct/alchitry/Lab04/build/constraint/alchitry.xdc]. These constraints will be ignored for synthesis but will be used in implementation. Impacted constraints are listed in the file [.Xil/alchitry_top_propImpl.xdc].
Resolution: To avoid this warning, move constraints listed in [.Xil/alchitry_top_propImpl.xdc] to another XDC file and exclude this new file from synthesis with the used_in_synthesis property (File Properties dialog in GUI) and re-run elaboration/synthesis.
Parsing XDC File [D:/_Work/SUTD/CompStruct/alchitry/Lab04/build/constraint/au_props.xdc]
Finished Parsing XDC File [D:/_Work/SUTD/CompStruct/alchitry/Lab04/build/constraint/au_props.xdc]
Completed Processing XDC Constraints

Netlist sorting complete. Time (s): cpu = 00:00:00 ; elapsed = 00:00:00 . Memory (MB): peak = 1503.203 ; gain = 0.000
INFO: [Project 1-111] Unisim Transformation Summary:
No Unisim elements were transformed.

The system cannot find the path specified.
Constraint Validation Runtime : Time (s): cpu = 00:00:00 ; elapsed = 00:00:00.002 . Memory (MB): peak = 1503.203 ; gain = 0.000
---------------------------------------------------------------------------------
Finished Constraint Validation : Time (s): cpu = 00:00:10 ; elapsed = 00:00:11 . Memory (MB): peak = 1503.203 ; gain = 645.898
---------------------------------------------------------------------------------
---------------------------------------------------------------------------------
Start Loading Part and Timing Information
---------------------------------------------------------------------------------
Loading part: xc7a35tftg256-1
---------------------------------------------------------------------------------
Finished Loading Part and Timing Information : Time (s): cpu = 00:00:10 ; elapsed = 00:00:11 . Memory (MB): peak = 1503.203 ; gain = 645.898
---------------------------------------------------------------------------------
---------------------------------------------------------------------------------
Start Applying 'set_property' XDC Constraints
---------------------------------------------------------------------------------
---------------------------------------------------------------------------------
Finished applying 'set_property' XDC Constraints : Time (s): cpu = 00:00:11 ; elapsed = 00:00:11 . Memory (MB): peak = 1503.203 ; gain = 645.898
---------------------------------------------------------------------------------
INFO: [Synth 8-802] inferred FSM for state register 'D_states_q_reg' in module 'rca_tester_controlunit'
---------------------------------------------------------------------------------------------------
                   State |                     New Encoding |                Previous Encoding 
---------------------------------------------------------------------------------------------------
                 iSTATE5 |                              000 |                              000
                  iSTATE |                              001 |                              001
                 iSTATE0 |                              010 |                              011
                 iSTATE1 |                              011 |                              100
                 iSTATE2 |                              100 |                              101
                 iSTATE3 |                              101 |                              111
                 iSTATE4 |                              110 |                              110
---------------------------------------------------------------------------------------------------
INFO: [Synth 8-3354] encoded FSM with state register 'D_states_q_reg' using encoding 'sequential' in module 'rca_tester_controlunit'
---------------------------------------------------------------------------------
Finished RTL Optimization Phase 2 : Time (s): cpu = 00:00:11 ; elapsed = 00:00:11 . Memory (MB): peak = 1503.203 ; gain = 645.898
---------------------------------------------------------------------------------
---------------------------------------------------------------------------------
Start RTL Component Statistics 
---------------------------------------------------------------------------------
Detailed RTL Component Info : 
+---Adders : 
	   2 Input    4 Bit       Adders := 1     
+---XORs : 
	   2 Input      8 Bit         XORs := 1     
	   3 Input      1 Bit         XORs := 8     
+---Registers : 
	                8 Bit    Registers := 5     
	                4 Bit    Registers := 2     
	                2 Bit    Registers := 1     
	                1 Bit    Registers := 2     
+---Muxes : 
	   8 Input    8 Bit        Muxes := 3     
	   2 Input    8 Bit        Muxes := 1     
	   7 Input    3 Bit        Muxes := 2     
	   2 Input    3 Bit        Muxes := 2     
	   2 Input    1 Bit        Muxes := 1     
	   7 Input    1 Bit        Muxes := 6     
---------------------------------------------------------------------------------
Finished RTL Component Statistics 
---------------------------------------------------------------------------------
---------------------------------------------------------------------------------
Start Part Resource Summary
---------------------------------------------------------------------------------
Part Resources:
DSPs: 90 (col length:60)
BRAMs: 100 (col length: RAMB18 60 RAMB36 30)
---------------------------------------------------------------------------------
Finished Part Resource Summary
---------------------------------------------------------------------------------
---------------------------------------------------------------------------------
Start Cross Boundary and Area Optimization
---------------------------------------------------------------------------------
WARNING: [Synth 8-7080] Parallel synthesis criteria is not met
WARNING: [Synth 8-3917] design alchitry_top has port led[6] driven by constant 0
WARNING: [Synth 8-3917] design alchitry_top has port led[5] driven by constant 0
WARNING: [Synth 8-3917] design alchitry_top has port led[4] driven by constant 0
WARNING: [Synth 8-3917] design alchitry_top has port led[3] driven by constant 0
WARNING: [Synth 8-3917] design alchitry_top has port io_led[2][7] driven by constant 0
WARNING: [Synth 8-3917] design alchitry_top has port io_led[2][6] driven by constant 0
WARNING: [Synth 8-3917] design alchitry_top has port io_led[2][5] driven by constant 0
WARNING: [Synth 8-3917] design alchitry_top has port io_led[2][4] driven by constant 0
WARNING: [Synth 8-3917] design alchitry_top has port io_segment[7] driven by constant 0
WARNING: [Synth 8-3917] design alchitry_top has port io_select[3] driven by constant 1
WARNING: [Synth 8-3917] design alchitry_top has port io_select[2] driven by constant 1
WARNING: [Synth 8-3917] design alchitry_top has port io_select[1] driven by constant 1
WARNING: [Synth 8-3917] design alchitry_top has port io_select[0] driven by constant 0
WARNING: [Synth 8-7129] Port io_button[4] in module alchitry_top is either unconnected or has no load
WARNING: [Synth 8-7129] Port io_button[3] in module alchitry_top is either unconnected or has no load
WARNING: [Synth 8-7129] Port io_button[2] in module alchitry_top is either unconnected or has no load
WARNING: [Synth 8-7129] Port io_button[0] in module alchitry_top is either unconnected or has no load
WARNING: [Synth 8-7129] Port io_dip[2][6] in module alchitry_top is either unconnected or has no load
WARNING: [Synth 8-7129] Port io_dip[2][5] in module alchitry_top is either unconnected or has no load
WARNING: [Synth 8-7129] Port io_dip[2][4] in module alchitry_top is either unconnected or has no load
WARNING: [Synth 8-7129] Port io_dip[2][3] in module alchitry_top is either unconnected or has no load
WARNING: [Synth 8-7129] Port io_dip[2][2] in module alchitry_top is either unconnected or has no load
WARNING: [Synth 8-7129] Port io_dip[2][1] in module alchitry_top is either unconnected or has no load
WARNING: [Synth 8-7129] Port io_dip[2][0] in module alchitry_top is either unconnected or has no load
WARNING: [Synth 8-7129] Port io_dip[1][7] in module alchitry_top is either unconnected or has no load
WARNING: [Synth 8-7129] Port io_dip[1][6] in module alchitry_top is either unconnected or has no load
WARNING: [Synth 8-7129] Port io_dip[1][5] in module alchitry_top is either unconnected or has no load
WARNING: [Synth 8-7129] Port io_dip[1][4] in module alchitry_top is either unconnected or has no load
WARNING: [Synth 8-7129] Port io_dip[1][3] in module alchitry_top is either unconnected or has no load
WARNING: [Synth 8-7129] Port io_dip[1][2] in module alchitry_top is either unconnected or has no load
WARNING: [Synth 8-7129] Port io_dip[1][1] in module alchitry_top is either unconnected or has no load
WARNING: [Synth 8-7129] Port io_dip[1][0] in module alchitry_top is either unconnected or has no load
WARNING: [Synth 8-7129] Port io_dip[0][7] in module alchitry_top is either unconnected or has no load
WARNING: [Synth 8-7129] Port io_dip[0][6] in module alchitry_top is either unconnected or has no load
WARNING: [Synth 8-7129] Port io_dip[0][5] in module alchitry_top is either unconnected or has no load
WARNING: [Synth 8-7129] Port io_dip[0][4] in module alchitry_top is either unconnected or has no load
WARNING: [Synth 8-7129] Port io_dip[0][3] in module alchitry_top is either unconnected or has no load
WARNING: [Synth 8-7129] Port io_dip[0][2] in module alchitry_top is either unconnected or has no load
WARNING: [Synth 8-7129] Port io_dip[0][1] in module alchitry_top is either unconnected or has no load
WARNING: [Synth 8-7129] Port io_dip[0][0] in module alchitry_top is either unconnected or has no load
---------------------------------------------------------------------------------
Finished Cross Boundary and Area Optimization : Time (s): cpu = 00:00:12 ; elapsed = 00:00:13 . Memory (MB): peak = 1503.203 ; gain = 645.898
---------------------------------------------------------------------------------
---------------------------------------------------------------------------------
Start Applying XDC Timing Constraints
---------------------------------------------------------------------------------
---------------------------------------------------------------------------------
Finished Applying XDC Timing Constraints : Time (s): cpu = 00:00:16 ; elapsed = 00:00:17 . Memory (MB): peak = 1503.203 ; gain = 645.898
---------------------------------------------------------------------------------
---------------------------------------------------------------------------------
Start Timing Optimization
---------------------------------------------------------------------------------
---------------------------------------------------------------------------------
Finished Timing Optimization : Time (s): cpu = 00:00:16 ; elapsed = 00:00:17 . Memory (MB): peak = 1503.203 ; gain = 645.898
---------------------------------------------------------------------------------
---------------------------------------------------------------------------------
Start Technology Mapping
---------------------------------------------------------------------------------
---------------------------------------------------------------------------------
Finished Technology Mapping : Time (s): cpu = 00:00:16 ; elapsed = 00:00:17 . Memory (MB): peak = 1503.203 ; gain = 645.898
---------------------------------------------------------------------------------
---------------------------------------------------------------------------------
Start IO Insertion
---------------------------------------------------------------------------------
---------------------------------------------------------------------------------
Start Flattening Before IO Insertion
---------------------------------------------------------------------------------
---------------------------------------------------------------------------------
Finished Flattening Before IO Insertion
---------------------------------------------------------------------------------
---------------------------------------------------------------------------------
Start Final Netlist Cleanup
---------------------------------------------------------------------------------
---------------------------------------------------------------------------------
Finished Final Netlist Cleanup
---------------------------------------------------------------------------------
---------------------------------------------------------------------------------
Finished IO Insertion : Time (s): cpu = 00:00:19 ; elapsed = 00:00:20 . Memory (MB): peak = 1503.203 ; gain = 645.898
---------------------------------------------------------------------------------
---------------------------------------------------------------------------------
Start Renaming Generated Instances
---------------------------------------------------------------------------------
---------------------------------------------------------------------------------
Finished Renaming Generated Instances : Time (s): cpu = 00:00:19 ; elapsed = 00:00:20 . Memory (MB): peak = 1503.203 ; gain = 645.898
---------------------------------------------------------------------------------
---------------------------------------------------------------------------------
Start Rebuilding User Hierarchy
---------------------------------------------------------------------------------
---------------------------------------------------------------------------------
Finished Rebuilding User Hierarchy : Time (s): cpu = 00:00:19 ; elapsed = 00:00:20 . Memory (MB): peak = 1503.203 ; gain = 645.898
---------------------------------------------------------------------------------
---------------------------------------------------------------------------------
Start Renaming Generated Ports
---------------------------------------------------------------------------------
---------------------------------------------------------------------------------
Finished Renaming Generated Ports : Time (s): cpu = 00:00:19 ; elapsed = 00:00:20 . Memory (MB): peak = 1503.203 ; gain = 645.898
---------------------------------------------------------------------------------
---------------------------------------------------------------------------------
Start Handling Custom Attributes
---------------------------------------------------------------------------------
---------------------------------------------------------------------------------
Finished Handling Custom Attributes : Time (s): cpu = 00:00:19 ; elapsed = 00:00:20 . Memory (MB): peak = 1503.203 ; gain = 645.898
---------------------------------------------------------------------------------
---------------------------------------------------------------------------------
Start Renaming Generated Nets
---------------------------------------------------------------------------------
---------------------------------------------------------------------------------
Finished Renaming Generated Nets : Time (s): cpu = 00:00:19 ; elapsed = 00:00:20 . Memory (MB): peak = 1503.203 ; gain = 645.898
---------------------------------------------------------------------------------
---------------------------------------------------------------------------------
Start Writing Synthesis Report
---------------------------------------------------------------------------------

Report BlackBoxes: 
+-+--------------+----------+
| |BlackBox name |Instances |
+-+--------------+----------+
+-+--------------+----------+

Report Cell Usage: 
+------+-------+------+
|      |Cell   |Count |
+------+-------+------+
|1     |BUFG   |     1|
|2     |CARRY4 |    13|
|3     |LUT1   |     6|
|4     |LUT2   |     7|
|5     |LUT3   |    18|
|6     |LUT4   |    18|
|7     |LUT5   |     5|
|8     |LUT6   |    10|
|9     |FDPE   |     4|
|10    |FDRE   |    81|
|11    |IBUF   |     5|
|12    |OBUF   |    45|
+------+-------+------+
---------------------------------------------------------------------------------
Finished Writing Synthesis Report : Time (s): cpu = 00:00:19 ; elapsed = 00:00:20 . Memory (MB): peak = 1503.203 ; gain = 645.898
---------------------------------------------------------------------------------
Synthesis finished with 0 errors, 0 critical warnings and 41 warnings.
Synthesis Optimization Runtime : Time (s): cpu = 00:00:13 ; elapsed = 00:00:19 . Memory (MB): peak = 1503.203 ; gain = 545.973
Synthesis Optimization Complete : Time (s): cpu = 00:00:19 ; elapsed = 00:00:20 . Memory (MB): peak = 1503.203 ; gain = 645.898
INFO: [Project 1-571] Translating synthesized netlist
Netlist sorting complete. Time (s): cpu = 00:00:00 ; elapsed = 00:00:00.001 . Memory (MB): peak = 1503.203 ; gain = 0.000
INFO: [Netlist 29-17] Analyzing 13 Unisim elements for replacement
INFO: [Netlist 29-28] Unisim Transformation completed in 0 CPU seconds
INFO: [Project 1-570] Preparing netlist for logic optimization
INFO: [Opt 31-138] Pushed 0 inverter(s) to 0 load pin(s).
Netlist sorting complete. Time (s): cpu = 00:00:00 ; elapsed = 00:00:00 . Memory (MB): peak = 1503.203 ; gain = 0.000
INFO: [Project 1-111] Unisim Transformation Summary:
No Unisim elements were transformed.

The system cannot find the path specified.
Synth Design complete | Checksum: 1aafa58
INFO: [Common 17-83] Releasing license: Synthesis
49 Infos, 81 Warnings, 0 Critical Warnings and 0 Errors encountered.
synth_design completed successfully
synth_design: Time (s): cpu = 00:00:22 ; elapsed = 00:00:24 . Memory (MB): peak = 1503.203 ; gain = 1040.160
Write ShapeDB Complete: Time (s): cpu = 00:00:00 ; elapsed = 00:00:00.001 . Memory (MB): peak = 1503.203 ; gain = 0.000
INFO: [Common 17-1381] The checkpoint 'D:/_Work/SUTD/CompStruct/alchitry/Lab04/build/vivado/Lab04.runs/synth_1/alchitry_top.dcp' has been generated.
INFO: [runtcl-4] Executing : report_utilization -file alchitry_top_utilization_synth.rpt -pb alchitry_top_utilization_synth.pb
INFO: [Common 17-206] Exiting Vivado at Thu Mar 19 17:03:54 2026...
