Copyright 1986-2022 Xilinx, Inc. All Rights Reserved. Copyright 2022-2025 Advanced Micro Devices, Inc. All Rights Reserved.
---------------------------------------------------------------------------------------------------------------------------------------------
| Tool Version : Vivado v.2025.2 (win64) Build 6299465 Fri Nov 14 19:35:11 GMT 2025
| Date         : Tue Mar 24 22:14:00 2026
| Host         : butter9fe_ASUS running 64-bit major release  (build 9200)
| Command      : report_control_sets -verbose -file alchitry_top_control_sets_placed.rpt
| Design       : alchitry_top
| Device       : xc7a35t
---------------------------------------------------------------------------------------------------------------------------------------------

Control Set Information

Table of Contents
-----------------
1. Summary
2. Histogram
3. Flip-Flop Distribution
4. Detailed Control Set Information

1. Summary
----------

+----------------------------------------------------------+-------+
|                          Status                          | Count |
+----------------------------------------------------------+-------+
| Total control sets                                       |    12 |
|    Minimum number of control sets                        |    12 |
|    Addition due to synthesis replication                 |     0 |
|    Addition due to physical synthesis replication        |     0 |
| Unused register locations in slices containing registers |    22 |
+----------------------------------------------------------+-------+
* Control sets can be merged at opt_design using control_set_merge or merge_equivalent_drivers
** Run report_qor_suggestions for automated merging and remapping suggestions


2. Histogram
------------

+--------------------+-------+
|       Fanout       | Count |
+--------------------+-------+
| Total control sets |    12 |
| >= 0 to < 4        |     0 |
| >= 4 to < 6        |     3 |
| >= 6 to < 8        |     1 |
| >= 8 to < 10       |     0 |
| >= 10 to < 12      |     0 |
| >= 12 to < 14      |     1 |
| >= 14 to < 16      |     0 |
| >= 16              |     7 |
+--------------------+-------+
* Control sets can be remapped at either synth_design or opt_design


3. Flip-Flop Distribution
-------------------------

+--------------+-----------------------+------------------------+-----------------+--------------+
| Clock Enable | Synchronous Set/Reset | Asynchronous Set/Reset | Total Registers | Total Slices |
+--------------+-----------------------+------------------------+-----------------+--------------+
| No           | No                    | No                     |               4 |            3 |
| No           | No                    | Yes                    |               4 |            2 |
| No           | Yes                   | No                     |              30 |           10 |
| Yes          | No                    | No                     |               0 |            0 |
| Yes          | No                    | Yes                    |               0 |            0 |
| Yes          | Yes                   | No                     |             140 |           67 |
+--------------+-----------------------+------------------------+-----------------+--------------+


4. Detailed Control Set Information
-----------------------------------

+----------------+-------------------------------------------------------------------+-----------------------------------+------------------+----------------+--------------+
|  Clock Signal  |                           Enable Signal                           |          Set/Reset Signal         | Slice Load Count | Bel Load Count | Bels / Slice |
+----------------+-------------------------------------------------------------------+-----------------------------------+------------------+----------------+--------------+
|  clk_IBUF_BUFG |                                                                   |                                   |                3 |              4 |         1.33 |
|  clk_IBUF_BUFG |                                                                   | reset_cond/M_reset_cond_in        |                2 |              4 |         2.00 |
|  clk_IBUF_BUFG | alu_auto/tester_controlunit/E[0]                                  | alu_auto/tester_controlunit/SR[0] |                4 |              4 |         1.00 |
|  clk_IBUF_BUFG | alu_manual/tester_fsm/Q[2]                                        | reset_cond/Q[0]                   |                2 |              6 |         3.00 |
|  clk_IBUF_BUFG | next_button/D_last_q_reg                                          | reset_cond/Q[0]                   |                4 |             13 |         3.25 |
|  clk_IBUF_BUFG | alu_manual/tester_fsm/Q[0]                                        | reset_cond/Q[0]                   |               10 |             16 |         1.60 |
|  clk_IBUF_BUFG | alu_manual/tester_fsm/D_reg_a_q[31]_i_1_n_0                       | reset_cond/Q[0]                   |                5 |             16 |         3.20 |
|  clk_IBUF_BUFG | alu_manual/tester_fsm/D_reg_b_q[31]_i_1_n_0                       | reset_cond/Q[0]                   |                8 |             16 |         2.00 |
|  clk_IBUF_BUFG | alu_manual/tester_fsm/FSM_onehot_D_states_q_reg_n_0_[0]           | reset_cond/Q[0]                   |               12 |             16 |         1.33 |
|  clk_IBUF_BUFG | next_button/sel                                                   | next_button/sync/clear            |                6 |             21 |         3.50 |
|  clk_IBUF_BUFG |                                                                   | reset_cond/Q[0]                   |               10 |             30 |         3.00 |
|  clk_IBUF_BUFG | alu_auto/tester_controlunit/FSM_sequential_D_states_q_reg[0]_0[0] | reset_cond/Q[0]                   |               16 |             32 |         2.00 |
+----------------+-------------------------------------------------------------------+-----------------------------------+------------------+----------------+--------------+


